[1719774693.936][INFO]: Starting ChromeDriver 126.0.6478.126 (d36ace6122e0a59570e258d82441395206d60e1c-refs/branch-heads/6478@{#1591}) on port 49025
[1719774693.937][INFO]: Please see https://chromedriver.chromium.org/security-considerations for suggestions on keeping ChromeDriver safe.
[1719774694.531][INFO]: [ad1a2a5ea6396ab56db8d73e144c65c4] COMMAND InitSession {
   "capabilities": {
      "firstMatch": [ {
         "browserName": "chrome",
         "goog:chromeOptions": {
            "args": [ "--remote-allow-origins=*" ],
            "binary": "C:\\Program Files\\Google\\Chrome\\Application\\chrome.exe",
            "extensions": [  ]
         },
         "goog:loggingPrefs": {
            "browser": "ALL",
            "driver": "ALL"
         }
      } ]
   }
}
[1719774694.532][INFO]: Populating Preferences file: {
   "alternate_error_pages": {
      "enabled": false
   },
   "autofill": {
      "enabled": false
   },
   "browser": {
      "check_default_browser": false
   },
   "distribution": {
      "import_bookmarks": false,
      "import_history": false,
      "import_search_engine": false,
      "make_chrome_default_for_user": false,
      "skip_first_run_ui": true
   },
   "dns_prefetching": {
      "enabled": false
   },
   "profile": {
      "content_settings": {
         "pattern_pairs": {
            "https://*,*": {
               "media-stream": {
                  "audio": "Default",
                  "video": "Default"
               }
            }
         }
      },
      "default_content_setting_values": {
         "geolocation": 1
      },
      "default_content_settings": {
         "geolocation": 1,
         "mouselock": 1,
         "notifications": 1,
         "popups": 1,
         "ppapi-broker": 1
      },
      "password_manager_enabled": false
   },
   "safebrowsing": {
      "enabled": false
   },
   "search": {
      "suggest_enabled": false
   },
   "translate": {
      "enabled": false
   }
}
[1719774694.533][INFO]: Populating Local State file: {
   "background_mode": {
      "enabled": false
   },
   "ssl": {
      "rev_checking": {
         "enabled": false
      }
   }
}
[1719774694.533][INFO]: ChromeDriver supports communication with Chrome via pipes. This is more reliable and more secure.
[1719774694.533][INFO]: Use the --remote-debugging-pipe Chrome switch instead of the default --remote-debugging-port to enable this communication mode.
[1719774694.534][INFO]: Launching chrome: "C:\Program Files\Google\Chrome\Application\chrome.exe" --allow-pre-commit-input --disable-background-networking --disable-backgrounding-occluded-windows --disable-client-side-phishing-detection --disable-default-apps --disable-hang-monitor --disable-popup-blocking --disable-prompt-on-repost --disable-sync --enable-automation --enable-logging --log-level=0 --no-first-run --no-service-autorun --password-store=basic --remote-allow-origins=* --remote-debugging-port=0 --test-type=webdriver --use-mock-keychain --user-data-dir="C:\Users\kusha\AppData\Local\Temp\scoped_dir6088_1660019424" data:,
[1719774695.044][INFO]: resolved localhost to ["::1","127.0.0.1"]
[1719774695.047][INFO]: [ad1a2a5ea6396ab56db8d73e144c65c4] RESPONSE InitSession {
   "capabilities": {
      "acceptInsecureCerts": false,
      "browserName": "chrome",
      "browserVersion": "126.0.6478.63",
      "chrome": {
         "chromedriverVersion": "126.0.6478.126 (d36ace6122e0a59570e258d82441395206d60e1c-refs/branch-heads/6478@{#1591})",
         "userDataDir": "C:\\Users\\kusha\\AppData\\Local\\Temp\\scoped_dir6088_1660019424"
      },
      "fedcm:accounts": true,
      "goog:chromeOptions": {
         "debuggerAddress": "localhost:62452"
      },
      "networkConnectionEnabled": false,
      "pageLoadStrategy": "normal",
      "platformName": "windows",
      "proxy": {
      },
      "setWindowRect": true,
      "strictFileInteractability": false,
      "timeouts": {
         "implicit": 0,
         "pageLoad": 300000,
         "script": 30000
      },
      "unhandledPromptBehavior": "dismiss and notify",
      "webauthn:extension:credBlob": true,
      "webauthn:extension:largeBlob": true,
      "webauthn:extension:minPinLength": true,
      "webauthn:extension:prf": true,
      "webauthn:virtualAuthenticators": true
   },
   "sessionId": "ad1a2a5ea6396ab56db8d73e144c65c4"
}
[1719774695.151][INFO]: [ad1a2a5ea6396ab56db8d73e144c65c4] COMMAND MaximizeWindow {
}
[1719774695.151][INFO]: Waiting for pending navigations...
[1719774695.152][INFO]: Done waiting for pending navigations. Status: ok
[1719774695.182][INFO]: Waiting for pending navigations...
[1719774695.182][INFO]: Done waiting for pending navigations. Status: ok
[1719774695.182][INFO]: [ad1a2a5ea6396ab56db8d73e144c65c4] RESPONSE MaximizeWindow {
   "height": 866,
   "width": 1454,
   "x": -7,
   "y": -7
}
[1719774695.193][INFO]: [ad1a2a5ea6396ab56db8d73e144c65c4] COMMAND Navigate {
   "url": "https://www.youtube.com/"
}
[1719774695.193][INFO]: Waiting for pending navigations...
[1719774695.194][INFO]: Done waiting for pending navigations. Status: ok
[1719774695.440][INFO]: Waiting for pending navigations...
[1719774697.353][INFO]: Done waiting for pending navigations. Status: ok
[1719774697.353][INFO]: [ad1a2a5ea6396ab56db8d73e144c65c4] RESPONSE Navigate
[1719774707.362][INFO]: [ad1a2a5ea6396ab56db8d73e144c65c4] COMMAND GetUrl {
}
[1719774707.362][INFO]: Waiting for pending navigations...
[1719774707.362][INFO]: Done waiting for pending navigations. Status: ok
[1719774707.364][INFO]: Waiting for pending navigations...
[1719774707.364][INFO]: Done waiting for pending navigations. Status: ok
[1719774707.364][INFO]: [ad1a2a5ea6396ab56db8d73e144c65c4] RESPONSE GetUrl "https://www.youtube.com/"
[1719774717.377][INFO]: [ad1a2a5ea6396ab56db8d73e144c65c4] COMMAND FindElement {
   "using": "xpath",
   "value": "//div[@id='guide-links-primary']//a[1]"
}
[1719774717.377][INFO]: Waiting for pending navigations...
[1719774717.378][INFO]: Done waiting for pending navigations. Status: ok
[1719774717.387][INFO]: Waiting for pending navigations...
[1719774717.387][INFO]: Done waiting for pending navigations. Status: ok
[1719774717.387][INFO]: [ad1a2a5ea6396ab56db8d73e144c65c4] RESPONSE FindElement {
   "element-6066-11e4-a52e-4f735466cecf": "f.1C63FA6E4B0EC2AE0C7FB096457C332E.d.CD74E7FFC810107536E3A6039D5A78EB.e.16"
}
[1719774717.393][INFO]: [ad1a2a5ea6396ab56db8d73e144c65c4] COMMAND ExecuteScript {
   "args": [ {
      "element-6066-11e4-a52e-4f735466cecf": "f.1C63FA6E4B0EC2AE0C7FB096457C332E.d.CD74E7FFC810107536E3A6039D5A78EB.e.16"
   } ],
   "script": "arguments[0].scrollIntoView(true);"
}
[1719774717.393][INFO]: Waiting for pending navigations...
[1719774717.393][INFO]: Done waiting for pending navigations. Status: ok
[1719774717.396][INFO]: Waiting for pending navigations...
[1719774717.396][INFO]: Done waiting for pending navigations. Status: ok
[1719774717.396][INFO]: [ad1a2a5ea6396ab56db8d73e144c65c4] RESPONSE ExecuteScript null
[1719774717.406][INFO]: [ad1a2a5ea6396ab56db8d73e144c65c4] COMMAND ExecuteScript {
   "args": [ {
      "element-6066-11e4-a52e-4f735466cecf": "f.1C63FA6E4B0EC2AE0C7FB096457C332E.d.CD74E7FFC810107536E3A6039D5A78EB.e.16"
   } ],
   "script": "/* isDisplayed */return (function(){return (function(){var g=this||self;\nfunction aa(a){var b=typeof a;if(\"object\"==b)if(a){if(a instanceof Array)return\"array\";if(a instanceof Object)return b;var c=Object.prototype.toString.call(a);if(\"[object Window]\"==c)return\"object\";if(\"[object Array]\"==c||\"number\"==typeof a.length&&\"undefined\"!=typeof a.splice&&\"undefined\"!=typeof a.propertyIsEnumerable&&!a.propertyIsEnumerable(\"splice\"))return\"array\";if(\"[object Function]\"==c||\"undefined\"!=typeof a.call&&\"undefined\"!=typeof a.propertyIsEnumerable&&!a.propertyIsEnumerable(\"call\"))return\"function\"}else return\"null\";else if(\"function\"==\nb&&\"undefined\"==typeof a.call)return\"object\";return b}function ca(a,b){function c(){}c.prototype=b.prototype;a.prototype=new c;a.prototype.constructor=a};var da=Array.prototype.indexOf?function(a,b){return Array.prototype.indexOf.call(a,b,void 0)}:function(a,b){if(\"string\"===typeof a)return\"string\"!==typeof b||1!=b.length?-1:a.indexOf(b,0);for(var c=0;c\u003Ca.length;c++)if(c in a&&a[c]===b)return c;return-1},ea=Array.prototype.some?function(a,b){return Array.prototype.some.call(a,b,void 0)}:function(a,b){for(var c=a.length,e=\"string\"===typeof a?a.split(\"\"):a,d=0;d\u003Cc;d++)if(d in e&&b.call(void 0,e[d],d,a))return!0;return!1},fa=Array.prototype.every?function(a,\nb){return Array.prototype.every.call(a,b,void 0)}:function(a,b){for(var c=a.length,e=\"string\"===typeof a?a.split(\"\"):a,d=0;d\u003Cc;d++)if(d in e&&!b.call(void 0,e[d],d,a))return!1;return!0};var ha={aliceblue:\"#f0f8ff\",antiquewhite:\"#faebd7\",aqua:\"#00ffff\",aquamarine:\"#7fffd4\",azure:\"#f0ffff\",beige:\"#f5f5dc\",bisque:\"#ffe4c4\",black:\"#000000\",blanchedalmond:\"#ffebcd\",blue:\"#0000ff\",blueviolet:\"#8a2be2\",brown:\"#a52a2a\",burlywood:\"#deb887\",cadetblue:\"#5f9ea0\",chartreuse:\"#7fff00\",chocolate:\"#d2691e\",coral:\"#ff7f50\",cornflowerblue:\"#6495ed\",cornsilk:\"#fff8dc\",crimson:\"#dc143c\",cyan:\"#00ffff\",darkblue:\"#00008b\",darkcyan:\"#008b8b\",darkgoldenrod:\"#b8860b\",darkgray:\"#a9a9a9\",darkgreen:\"#006400\",\ndarkgrey:\"#a9a9a9\",darkkhaki:\"#bdb76b\",darkmagenta:\"#8b008b\",darkolivegreen:\"#556b2f\",darkorange:\"#ff8c00\",darkorchid:\"#9932cc\",darkred:\"#8b0000\",darksalmon:\"#e9967a\",darkseagreen:\"#8fbc8f\",darkslateblue:\"#483d8b\",darkslategray:\"#2f4f4f\",darkslategrey:\"#2f4f4f\",darkturquoise:\"#00ced1\",darkviolet:\"#9400d3\",deeppink:\"#ff1493\",deepskyblue:\"#00bfff\",dimgray:\"#696969\",dimgrey:\"#696969\",dodgerblue:\"#1e90ff\",firebrick:\"#b22222\",floralwhite:\"#fffaf0\",forestgreen:\"#228b22\",fuchsia:\"#ff00ff\",gainsboro:\"#dcdcdc\",\nghostwhite:\"#f8f8ff\",gold:\"#ffd700\",goldenrod:\"#daa520\",gray:\"#808080\",green:\"#008000\",greenyellow:\"#adff2f\",grey:\"#808080\",honeydew:\"#f0fff0\",hotpink:\"#ff69b4\",indianred:\"#cd5c5c\",indigo:\"#4b0082\",ivory:\"#fffff0\",khaki:\"#f0e68c\",lavender:\"#e6e6fa\",lavenderblush:\"#fff0f5\",lawngreen:\"#7cfc00\",lemonchiffon:\"#fffacd\",lightblue:\"#add8e6\",lightcoral:\"#f08080\",lightcyan:\"#e0ffff\",lightgoldenrodyellow:\"#fafad2\",lightgray:\"#d3d3d3\",lightgreen:\"#90ee90\",lightgrey:\"#d3d3d3\",lightpink:\"#ffb6c1\",lightsalmon:\"#ffa07a\",\nlightseagreen:\"#20b2aa\",lightskyblue:\"#87cefa\",lightslategray:\"#778899\",lightslategrey:\"#778899\",lightsteelblue:\"#b0c4de\",lightyellow:\"#ffffe0\",lime:\"#00ff00\",limegreen:\"#32cd32\",linen:\"#faf0e6\",magenta:\"#ff00ff\",maroon:\"#800000\",mediumaquamarine:\"#66cdaa\",mediumblue:\"#0000cd\",mediumorchid:\"#ba55d3\",mediumpurple:\"#9370db\",mediumseagreen:\"#3cb371\",mediumslateblue:\"#7b68ee\",mediumspringgreen:\"#00fa9a\",mediumturquoise:\"#48d1cc\",mediumvioletred:\"#c71585\",midnightblue:\"#191970\",mintcream:\"#f5fffa\",mistyrose:\"#ffe4e1\",\nmoccasin:\"#ffe4b5\",navajowhite:\"#ffdead\",navy:\"#000080\",oldlace:\"#fdf5e6\",olive:\"#808000\",olivedrab:\"#6b8e23\",orange:\"#ffa500\",orangered:\"#ff4500\",orchid:\"#da70d6\",palegoldenrod:\"#eee8aa\",palegreen:\"#98fb98\",paleturquoise:\"#afeeee\",palevioletred:\"#db7093\",papayawhip:\"#ffefd5\",peachpuff:\"#ffdab9\",peru:\"#cd853f\",pink:\"#ffc0cb\",plum:\"#dda0dd\",powderblue:\"#b0e0e6\",purple:\"#800080\",red:\"#ff0000\",rosybrown:\"#bc8f8f\",royalblue:\"#4169e1\",saddlebrown:\"#8b4513\",salmon:\"#fa8072\",sandybrown:\"#f4a460\",seagreen:\"#2e8b57\",\nseashell:\"#fff5ee\",sienna:\"#a0522d\",silver:\"#c0c0c0\",skyblue:\"#87ceeb\",slateblue:\"#6a5acd\",slategray:\"#708090\",slategrey:\"#708090\",snow:\"#fffafa\",springgreen:\"#00ff7f\",steelblue:\"#4682b4\",tan:\"#d2b48c\",teal:\"#008080\",thistle:\"#d8bfd8\",tomato:\"#ff6347\",turquoise:\"#40e0d0\",violet:\"#ee82ee\",wheat:\"#f5deb3\",white:\"#ffffff\",whitesmoke:\"#f5f5f5\",yellow:\"#ffff00\",yellowgreen:\"#9acd32\"};var ia=\"backgroundColor borderTopColor borderRightColor borderBottomColor borderLeftColor color outlineColor\".split(\" \"),ja=/#([0-9a-fA-F])([0-9a-fA-F])([0-9a-fA-F])/,ka=/^#(?:[0-9a-f]{3}){1,2}$/i,la=/^(?:rgba)?\\((\\d{1,3}),\\s?(\\d{1,3}),\\s?(\\d{1,3}),\\s?(0|1|0\\.\\d*)\\)$/i,ma=/^(?:rgb)?\\((0|[1-9]\\d{0,2}),\\s?(0|[1-9]\\d{0,2}),\\s?(0|[1-9]\\d{0,2})\\)$/i;function m(a,b){this.code=a;this.a=p[a]||r;this.message=b||\"\";a=this.a.replace(/((?:^|\\s+)[a-z])/g,function(c){return c.toUpperCase().replace(/^[\\s\\xa0]+/g,\"\")});b=a.length-5;if(0>b||a.indexOf(\"Error\",b)!=b)a+=\"Error\";this.name=a;a=Error(this.message);a.name=this.name;this.stack=a.stack||\"\"}ca(m,Error);var r=\"unknown error\",p={15:\"element not selectable\",11:\"element not visible\"};p[31]=r;p[30]=r;p[24]=\"invalid cookie domain\";p[29]=\"invalid element coordinates\";p[12]=\"invalid element state\";\np[32]=\"invalid selector\";p[51]=\"invalid selector\";p[52]=\"invalid selector\";p[17]=\"javascript error\";p[405]=\"unsupported operation\";p[34]=\"move target out of bounds\";p[27]=\"no such alert\";p[7]=\"no such element\";p[8]=\"no such frame\";p[23]=\"no such window\";p[28]=\"script timeout\";p[33]=\"session not created\";p[10]=\"stale element reference\";p[21]=\"timeout\";p[25]=\"unable to set cookie\";p[26]=\"unexpected alert open\";p[13]=r;p[9]=\"unknown command\";var u=String.prototype.trim?function(a){return a.trim()}:function(a){return/^[\\s\\xa0]*([\\s\\S]*?)[\\s\\xa0]*$/.exec(a)[1]};\nfunction na(a,b){var c=0;a=u(String(a)).split(\".\");b=u(String(b)).split(\".\");for(var e=Math.max(a.length,b.length),d=0;0==c&&d\u003Ce;d++){var f=a[d]||\"\",h=b[d]||\"\";do{f=/(\\d*)(\\D*)(.*)/.exec(f)||[\"\",\"\",\"\",\"\"];h=/(\\d*)(\\D*)(.*)/.exec(h)||[\"\",\"\",\"\",\"\"];if(0==f[0].length&&0==h[0].length)break;c=v(0==f[1].length?0:parseInt(f[1],10),0==h[1].length?0:parseInt(h[1],10))||v(0==f[2].length,0==h[2].length)||v(f[2],h[2]);f=f[3];h=h[3]}while(0==c)}return c}function v(a,b){return a\u003Cb?-1:a>b?1:0};var w;a:{var oa=g.navigator;if(oa){var sa=oa.userAgent;if(sa){w=sa;break a}}w=\"\"}function x(a){return-1!=w.indexOf(a)};function y(){return x(\"Firefox\")||x(\"FxiOS\")}function A(){return(x(\"Chrome\")||x(\"CriOS\"))&&!x(\"Edge\")};function ta(a){return String(a).replace(/\\-([a-z])/g,function(b,c){return c.toUpperCase()})};function B(){return x(\"iPhone\")&&!x(\"iPod\")&&!x(\"iPad\")};function ua(a,b){var c=va;return Object.prototype.hasOwnProperty.call(c,a)?c[a]:c[a]=b(a)};var wa=x(\"Opera\"),C=x(\"Trident\")||x(\"MSIE\"),xa=x(\"Edge\"),ya=x(\"Gecko\")&&!(-1!=w.toLowerCase().indexOf(\"webkit\")&&!x(\"Edge\"))&&!(x(\"Trident\")||x(\"MSIE\"))&&!x(\"Edge\"),za=-1!=w.toLowerCase().indexOf(\"webkit\")&&!x(\"Edge\");function Aa(){var a=g.document;return a?a.documentMode:void 0}var E;\na:{var F=\"\",G=function(){var a=w;if(ya)return/rv:([^\\);]+)(\\)|;)/.exec(a);if(xa)return/Edge\\/([\\d\\.]+)/.exec(a);if(C)return/\\b(?:MSIE|rv)[: ]([^\\);]+)(\\)|;)/.exec(a);if(za)return/WebKit\\/(\\S+)/.exec(a);if(wa)return/(?:Version)[ \\/]?(\\S+)/.exec(a)}();G&&(F=G?G[1]:\"\");if(C){var H=Aa();if(null!=H&&H>parseFloat(F)){E=String(H);break a}}E=F}var va={};function Ba(a){return ua(a,function(){return 0\u003C=na(E,a)})}var I;I=g.document&&C?Aa():void 0;var Ca=y(),Da=B()||x(\"iPod\"),Ea=x(\"iPad\"),Fa=x(\"Android\")&&!(A()||y()||x(\"Opera\")||x(\"Silk\")),Ga=A(),Ha=x(\"Safari\")&&!(A()||x(\"Coast\")||x(\"Opera\")||x(\"Edge\")||x(\"Edg/\")||x(\"OPR\")||y()||x(\"Silk\")||x(\"Android\"))&&!(B()||x(\"iPad\")||x(\"iPod\"));function J(a){return(a=a.exec(w))?a[1]:\"\"}(function(){if(Ca)return J(/Firefox\\/([0-9.]+)/);if(C||xa||wa)return E;if(Ga)return B()||x(\"iPad\")||x(\"iPod\")?J(/CriOS\\/([0-9.]+)/):J(/Chrome\\/([0-9.]+)/);if(Ha&&!(B()||x(\"iPad\")||x(\"iPod\")))return J(/Version\\/([0-9.]+)/);if(Da||Ea){var a=/Version\\/(\\S+).*Mobile\\/(\\S+)/.exec(w);if(a)return a[1]+\".\"+a[2]}else if(Fa)return(a=J(/Android\\s+([0-9.]+)/))?a:J(/Version\\/([0-9.]+)/);return\"\"})();var K;if(K=C)K=!(9\u003C=Number(I));var Ia=K;function L(a,b){this.x=void 0!==a?a:0;this.y=void 0!==b?b:0}L.prototype.ceil=function(){this.x=Math.ceil(this.x);this.y=Math.ceil(this.y);return this};L.prototype.floor=function(){this.x=Math.floor(this.x);this.y=Math.floor(this.y);return this};L.prototype.round=function(){this.x=Math.round(this.x);this.y=Math.round(this.y);return this};function M(a,b){this.width=a;this.height=b}M.prototype.aspectRatio=function(){return this.width/this.height};M.prototype.ceil=function(){this.width=Math.ceil(this.width);this.height=Math.ceil(this.height);return this};M.prototype.floor=function(){this.width=Math.floor(this.width);this.height=Math.floor(this.height);return this};M.prototype.round=function(){this.width=Math.round(this.width);this.height=Math.round(this.height);return this};function N(a){return 9==a.nodeType?a:a.ownerDocument||a.document}function Ja(a,b){a&&(a=a.parentNode);for(var c=0;a;){if(b(a))return a;a=a.parentNode;c++}return null}function Ka(a){this.a=a||g.document||document};function P(a,b){b&&\"string\"!==typeof b&&(b=b.toString());return!!a&&1==a.nodeType&&(!b||a.tagName.toUpperCase()==b)};function Q(a,b,c,e){this.f=a;this.a=b;this.b=c;this.c=e}Q.prototype.ceil=function(){this.f=Math.ceil(this.f);this.a=Math.ceil(this.a);this.b=Math.ceil(this.b);this.c=Math.ceil(this.c);return this};Q.prototype.floor=function(){this.f=Math.floor(this.f);this.a=Math.floor(this.a);this.b=Math.floor(this.b);this.c=Math.floor(this.c);return this};Q.prototype.round=function(){this.f=Math.round(this.f);this.a=Math.round(this.a);this.b=Math.round(this.b);this.c=Math.round(this.c);return this};function R(a,b,c,e){this.a=a;this.b=b;this.width=c;this.height=e}R.prototype.ceil=function(){this.a=Math.ceil(this.a);this.b=Math.ceil(this.b);this.width=Math.ceil(this.width);this.height=Math.ceil(this.height);return this};R.prototype.floor=function(){this.a=Math.floor(this.a);this.b=Math.floor(this.b);this.width=Math.floor(this.width);this.height=Math.floor(this.height);return this};\nR.prototype.round=function(){this.a=Math.round(this.a);this.b=Math.round(this.b);this.width=Math.round(this.width);this.height=Math.round(this.height);return this};var La=\"function\"===typeof ShadowRoot;function S(a){for(a=a.parentNode;a&&1!=a.nodeType&&9!=a.nodeType&&11!=a.nodeType;)a=a.parentNode;return P(a)?a:null}\nfunction T(a,b){b=ta(b);if(\"float\"==b||\"cssFloat\"==b||\"styleFloat\"==b)b=Ia?\"styleFloat\":\"cssFloat\";a:{var c=b;var e=N(a);if(e.defaultView&&e.defaultView.getComputedStyle&&(e=e.defaultView.getComputedStyle(a,null))){c=e[c]||e.getPropertyValue(c)||\"\";break a}c=\"\"}a=c||Ma(a,b);if(null===a)a=null;else if(0\u003C=da(ia,b)){b:{var d=a.match(la);if(d&&(b=Number(d[1]),c=Number(d[2]),e=Number(d[3]),d=Number(d[4]),0\u003C=b&&255>=b&&0\u003C=c&&255>=c&&0\u003C=e&&255>=e&&0\u003C=d&&1>=d)){b=[b,c,e,d];break b}b=null}if(!b)b:{if(e=a.match(ma))if(b=\nNumber(e[1]),c=Number(e[2]),e=Number(e[3]),0\u003C=b&&255>=b&&0\u003C=c&&255>=c&&0\u003C=e&&255>=e){b=[b,c,e,1];break b}b=null}if(!b)b:{b=a.toLowerCase();c=ha[b.toLowerCase()];if(!c&&(c=\"#\"==b.charAt(0)?b:\"#\"+b,4==c.length&&(c=c.replace(ja,\"#$1$1$2$2$3$3\")),!ka.test(c))){b=null;break b}b=[parseInt(c.substr(1,2),16),parseInt(c.substr(3,2),16),parseInt(c.substr(5,2),16),1]}a=b?\"rgba(\"+b.join(\", \")+\")\":a}return a}\nfunction Ma(a,b){var c=a.currentStyle||a.style,e=c[b];void 0===e&&\"function\"==aa(c.getPropertyValue)&&(e=c.getPropertyValue(b));return\"inherit\"!=e?void 0!==e?e:null:(a=S(a))?Ma(a,b):null}\nfunction U(a,b,c){function e(h){var n=V(h);return 0\u003Cn.height&&0\u003Cn.width?!0:P(h,\"PATH\")&&(0\u003Cn.height||0\u003Cn.width)?(h=T(h,\"stroke-width\"),!!h&&0\u003CparseInt(h,10)):\"hidden\"!=T(h,\"overflow\")&&ea(h.childNodes,function(D){return 3==D.nodeType||P(D)&&e(D)})}function d(h){return Na(h)==W&&fa(h.childNodes,function(n){return!P(n)||d(n)||!e(n)})}if(!P(a))throw Error(\"Argument to isShown must be of type Element\");if(P(a,\"BODY\"))return!0;if(P(a,\"OPTION\")||P(a,\"OPTGROUP\"))return a=Ja(a,function(h){return P(h,\"SELECT\")}),\n!!a&&U(a,!0,c);var f=Oa(a);if(f)return!!f.image&&0\u003Cf.rect.width&&0\u003Cf.rect.height&&U(f.image,b,c);if(P(a,\"INPUT\")&&\"hidden\"==a.type.toLowerCase()||P(a,\"NOSCRIPT\"))return!1;f=T(a,\"visibility\");return\"collapse\"!=f&&\"hidden\"!=f&&c(a)&&(b||0!=Pa(a))&&e(a)?!d(a):!1}var W=\"hidden\";\nfunction Na(a){function b(k){function l(ba){if(ba==h)return!0;var pa=T(ba,\"display\");return 0==pa.lastIndexOf(\"inline\",0)||\"contents\"==pa||\"absolute\"==qa&&\"static\"==T(ba,\"position\")?!1:!0}var qa=T(k,\"position\");if(\"fixed\"==qa)return ra=!0,k==h?null:h;for(k=S(k);k&&!l(k);)k=S(k);return k}function c(k){var l=k;if(\"visible\"==D)if(k==h&&n)l=n;else if(k==n)return{x:\"visible\",y:\"visible\"};l={x:T(l,\"overflow-x\"),y:T(l,\"overflow-y\")};k==h&&(l.x=\"visible\"==l.x?\"auto\":l.x,l.y=\"visible\"==l.y?\"auto\":l.y);return l}\nfunction e(k){if(k==h){var l=(new Ka(f)).a;k=l.scrollingElement?l.scrollingElement:za||\"CSS1Compat\"!=l.compatMode?l.body||l.documentElement:l.documentElement;l=l.parentWindow||l.defaultView;k=C&&Ba(\"10\")&&l.pageYOffset!=k.scrollTop?new L(k.scrollLeft,k.scrollTop):new L(l.pageXOffset||k.scrollLeft,l.pageYOffset||k.scrollTop)}else k=new L(k.scrollLeft,k.scrollTop);return k}var d=Qa(a),f=N(a),h=f.documentElement,n=f.body,D=T(h,\"overflow\"),ra;for(a=b(a);a;a=b(a)){var q=c(a);if(\"visible\"!=q.x||\"visible\"!=\nq.y){var t=V(a);if(0==t.width||0==t.height)return W;var z=d.a\u003Ct.a,O=d.b\u003Ct.b;if(z&&\"hidden\"==q.x||O&&\"hidden\"==q.y)return W;if(z&&\"visible\"!=q.x||O&&\"visible\"!=q.y){z=e(a);O=d.b\u003Ct.b-z.y;if(d.a\u003Ct.a-z.x&&\"visible\"!=q.x||O&&\"visible\"!=q.x)return W;d=Na(a);return d==W?W:\"scroll\"}z=d.c>=t.a+t.width;t=d.f>=t.b+t.height;if(z&&\"hidden\"==q.x||t&&\"hidden\"==q.y)return W;if(z&&\"visible\"!=q.x||t&&\"visible\"!=q.y){if(ra&&(q=e(a),d.c>=h.scrollWidth-q.x||d.a>=h.scrollHeight-q.y))return W;d=Na(a);return d==W?W:\"scroll\"}}}return\"none\"}\nfunction V(a){var b=Oa(a);if(b)return b.rect;if(P(a,\"HTML\"))return a=N(a),a=((a?a.parentWindow||a.defaultView:window)||window).document,a=\"CSS1Compat\"==a.compatMode?a.documentElement:a.body,a=new M(a.clientWidth,a.clientHeight),new R(0,0,a.width,a.height);try{var c=a.getBoundingClientRect()}catch(e){return new R(0,0,0,0)}b=new R(c.left,c.top,c.right-c.left,c.bottom-c.top);C&&a.ownerDocument.body&&(a=N(a),b.a-=a.documentElement.clientLeft+a.body.clientLeft,b.b-=a.documentElement.clientTop+a.body.clientTop);\nreturn b}\nfunction Oa(a){var b=P(a,\"MAP\");if(!b&&!P(a,\"AREA\"))return null;var c=b?a:P(a.parentNode,\"MAP\")?a.parentNode:null,e=null,d=null;if(c&&c.name){e='*[usemap=\"#'+c.name+'\"]';c=N(c);var f;if(f=\"function\"!=aa(c.querySelector)&&C&&(C?0\u003C=na(I,8):Ba(8))){f=c.querySelector;var h=typeof f;f=!(\"object\"==h&&null!=f||\"function\"==h)}if(f)throw Error(\"CSS selection is not supported\");if(!e)throw new m(32,\"No selector specified\");e=u(e);try{var n=c.querySelector(e)}catch(D){throw new m(32,\"An invalid or illegal selector was specified\");}if(e=\nn&&1==n.nodeType?n:null)d=V(e),b||\"default\"==a.shape.toLowerCase()||(a=Ra(a),b=Math.min(Math.max(a.a,0),d.width),n=Math.min(Math.max(a.b,0),d.height),d=new R(b+d.a,n+d.b,Math.min(a.width,d.width-b),Math.min(a.height,d.height-n)))}return{image:e,rect:d||new R(0,0,0,0)}}\nfunction Ra(a){var b=a.shape.toLowerCase();a=a.coords.split(\",\");if(\"rect\"==b&&4==a.length){b=a[0];var c=a[1];return new R(b,c,a[2]-b,a[3]-c)}if(\"circle\"==b&&3==a.length)return b=a[2],new R(a[0]-b,a[1]-b,2*b,2*b);if(\"poly\"==b&&2\u003Ca.length){b=a[0];c=a[1];for(var e=b,d=c,f=2;f+1\u003Ca.length;f+=2)b=Math.min(b,a[f]),e=Math.max(e,a[f]),c=Math.min(c,a[f+1]),d=Math.max(d,a[f+1]);return new R(b,c,e-b,d-c)}return new R(0,0,0,0)}function Qa(a){a=V(a);return new Q(a.b,a.a+a.width,a.b+a.height,a.a)}\nfunction Pa(a){if(Ia){if(\"relative\"==T(a,\"position\"))return 1;a=T(a,\"filter\");return(a=a.match(/^alpha\\(opacity=(\\d*)\\)/)||a.match(/^progid:DXImageTransform.Microsoft.Alpha\\(Opacity=(\\d*)\\)/))?Number(a[1])/100:1}return Sa(a)}function Sa(a){var b=1,c=T(a,\"opacity\");c&&(b=Number(c));(a=S(a))&&(b*=Sa(a));return b};function Ta(a,b){function c(e){if(P(e)&&\"none\"==T(e,\"display\"))return!1;var d;if((d=e.parentNode)&&d.shadowRoot&&void 0!==e.assignedSlot)d=e.assignedSlot?e.assignedSlot.parentNode:null;else if(e.getDestinationInsertionPoints){var f=e.getDestinationInsertionPoints();0\u003Cf.length&&(d=f[f.length-1])}if(La&&d instanceof ShadowRoot){if(d.host.shadowRoot&&d.host.shadowRoot!==d)return!1;d=d.host}return!d||9!=d.nodeType&&11!=d.nodeType?d&&P(d,\"DETAILS\")&&!d.open&&!P(e,\"SUMMARY\")?!1:!!d&&c(d):!0}return U(a,\n!!b,c)}var X=[\"_\"],Y=g;X[0]in Y||\"undefined\"==typeof Y.execScript||Y.execScript(\"var \"+X[0]);for(var Z;X.length&&(Z=X.shift());)X.length||void 0===Ta?Y[Z]&&Y[Z]!==Object.prototype[Z]?Y=Y[Z]:Y=Y[Z]={}:Y[Z]=Ta;; return this._.apply(null,arguments);}).apply({navigator:typeof window!='undefined'?window.navigator:null,document:typeof window!='undefined'?window.document:null}, arguments);}\n).apply(null, arguments);"
}
[1719774717.406][INFO]: Waiting for pending navigations...
[1719774717.407][INFO]: Done waiting for pending navigations. Status: ok
[1719774717.412][INFO]: Waiting for pending navigations...
[1719774717.412][INFO]: Done waiting for pending navigations. Status: ok
[1719774717.412][INFO]: [ad1a2a5ea6396ab56db8d73e144c65c4] RESPONSE ExecuteScript true
[1719774717.415][INFO]: [ad1a2a5ea6396ab56db8d73e144c65c4] COMMAND IsElementEnabled {
   "id": "f.1C63FA6E4B0EC2AE0C7FB096457C332E.d.CD74E7FFC810107536E3A6039D5A78EB.e.16"
}
[1719774717.415][INFO]: Waiting for pending navigations...
[1719774717.416][INFO]: Done waiting for pending navigations. Status: ok
[1719774717.420][INFO]: Waiting for pending navigations...
[1719774717.421][INFO]: Done waiting for pending navigations. Status: ok
[1719774717.421][INFO]: [ad1a2a5ea6396ab56db8d73e144c65c4] RESPONSE IsElementEnabled true
[1719774717.423][INFO]: [ad1a2a5ea6396ab56db8d73e144c65c4] COMMAND ClickElement {
   "id": "f.1C63FA6E4B0EC2AE0C7FB096457C332E.d.CD74E7FFC810107536E3A6039D5A78EB.e.16"
}
[1719774717.423][INFO]: Waiting for pending navigations...
[1719774717.424][INFO]: Done waiting for pending navigations. Status: ok
[1719774717.480][INFO]: Waiting for pending navigations...
[1719774718.351][INFO]: Done waiting for pending navigations. Status: ok
[1719774718.351][INFO]: [ad1a2a5ea6396ab56db8d73e144c65c4] RESPONSE ClickElement
[1719774726.379][INFO]: [ad1a2a5ea6396ab56db8d73e144c65c4] COMMAND FindElement {
   "using": "xpath",
   "value": "//section[@class ='ytabout__content']"
}
[1719774726.379][INFO]: Waiting for pending navigations...
[1719774726.380][INFO]: Done waiting for pending navigations. Status: ok
[1719774726.387][INFO]: Waiting for pending navigations...
[1719774726.388][INFO]: Done waiting for pending navigations. Status: ok
[1719774726.388][INFO]: [ad1a2a5ea6396ab56db8d73e144c65c4] RESPONSE FindElement {
   "element-6066-11e4-a52e-4f735466cecf": "f.1C63FA6E4B0EC2AE0C7FB096457C332E.d.6F476232F862FCC15A92106A600139CD.e.3"
}
[1719774726.390][INFO]: [ad1a2a5ea6396ab56db8d73e144c65c4] COMMAND GetElementText {
   "id": "f.1C63FA6E4B0EC2AE0C7FB096457C332E.d.6F476232F862FCC15A92106A600139CD.e.3"
}
[1719774726.390][INFO]: Waiting for pending navigations...
[1719774726.390][INFO]: Done waiting for pending navigations. Status: ok
[1719774726.398][INFO]: Waiting for pending navigations...
[1719774726.399][INFO]: Done waiting for pending navigations. Status: ok
[1719774726.399][INFO]: [ad1a2a5ea6396ab56db8d73e144c65c4] RESPONSE GetElementText "About YouTube\nOur mission is to give everyone a voice and show them the world.\nWe believe that everyone deserves to have a voice, and that the world is a better place when we listen, share and buil..."
[1719774726.402][INFO]: [ad1a2a5ea6396ab56db8d73e144c65c4] COMMAND Navigate {
   "url": "https://www.youtube.com/"
}
[1719774726.402][INFO]: Waiting for pending navigations...
[1719774726.403][INFO]: Done waiting for pending navigations. Status: ok
[1719774726.562][INFO]: Waiting for pending navigations...
[1719774727.724][INFO]: Done waiting for pending navigations. Status: ok
[1719774727.724][INFO]: [ad1a2a5ea6396ab56db8d73e144c65c4] RESPONSE Navigate
[1719774737.736][INFO]: [ad1a2a5ea6396ab56db8d73e144c65c4] COMMAND FindElement {
   "using": "xpath",
   "value": "(//*[@id='items']/ytd-guide-entry-renderer[4])[1]"
}
[1719774737.736][INFO]: Waiting for pending navigations...
[1719774737.736][INFO]: Done waiting for pending navigations. Status: ok
[1719774737.746][INFO]: Waiting for pending navigations...
[1719774737.746][INFO]: Done waiting for pending navigations. Status: ok
[1719774737.746][INFO]: [ad1a2a5ea6396ab56db8d73e144c65c4] RESPONSE FindElement {
   "element-6066-11e4-a52e-4f735466cecf": "f.1C63FA6E4B0EC2AE0C7FB096457C332E.d.AB73EBC3569A930CC10B6E98524A95F2.e.14"
}
[1719774737.749][INFO]: [ad1a2a5ea6396ab56db8d73e144c65c4] COMMAND ClickElement {
   "id": "f.1C63FA6E4B0EC2AE0C7FB096457C332E.d.AB73EBC3569A930CC10B6E98524A95F2.e.14"
}
[1719774737.749][INFO]: Waiting for pending navigations...
[1719774737.749][INFO]: Done waiting for pending navigations. Status: ok
[1719774737.790][INFO]: Waiting for pending navigations...
[1719774737.800][INFO]: Done waiting for pending navigations. Status: ok
[1719774737.800][INFO]: [ad1a2a5ea6396ab56db8d73e144c65c4] RESPONSE ClickElement
[1719774745.818][INFO]: [ad1a2a5ea6396ab56db8d73e144c65c4] COMMAND FindElement {
   "using": "xpath",
   "value": "//*[@id='right-arrow']/ytd-button-renderer/yt-button-shape/button/yt-touch-feedback-shape/div/div[2]"
}
[1719774745.818][INFO]: Waiting for pending navigations...
[1719774745.819][INFO]: Done waiting for pending navigations. Status: ok
[1719774745.828][INFO]: Waiting for pending navigations...
[1719774745.828][INFO]: Done waiting for pending navigations. Status: ok
[1719774745.828][INFO]: [ad1a2a5ea6396ab56db8d73e144c65c4] RESPONSE FindElement {
   "element-6066-11e4-a52e-4f735466cecf": "f.1C63FA6E4B0EC2AE0C7FB096457C332E.d.AB73EBC3569A930CC10B6E98524A95F2.e.41"
}
[1719774745.831][INFO]: [ad1a2a5ea6396ab56db8d73e144c65c4] COMMAND IsElementEnabled {
   "id": "f.1C63FA6E4B0EC2AE0C7FB096457C332E.d.AB73EBC3569A930CC10B6E98524A95F2.e.41"
}
[1719774745.831][INFO]: Waiting for pending navigations...
[1719774745.831][INFO]: Done waiting for pending navigations. Status: ok
[1719774745.836][INFO]: Waiting for pending navigations...
[1719774745.836][INFO]: Done waiting for pending navigations. Status: ok
[1719774745.836][INFO]: [ad1a2a5ea6396ab56db8d73e144c65c4] RESPONSE IsElementEnabled true
[1719774745.838][INFO]: [ad1a2a5ea6396ab56db8d73e144c65c4] COMMAND ClickElement {
   "id": "f.1C63FA6E4B0EC2AE0C7FB096457C332E.d.AB73EBC3569A930CC10B6E98524A95F2.e.41"
}
[1719774745.838][INFO]: Waiting for pending navigations...
[1719774745.839][INFO]: Done waiting for pending navigations. Status: ok
[1719774745.920][INFO]: Waiting for pending navigations...
[1719774745.937][INFO]: Done waiting for pending navigations. Status: ok
[1719774745.937][INFO]: [ad1a2a5ea6396ab56db8d73e144c65c4] RESPONSE ClickElement
[1719774748.952][INFO]: [ad1a2a5ea6396ab56db8d73e144c65c4] COMMAND IsElementEnabled {
   "id": "f.1C63FA6E4B0EC2AE0C7FB096457C332E.d.AB73EBC3569A930CC10B6E98524A95F2.e.41"
}
[1719774748.952][INFO]: Waiting for pending navigations...
[1719774748.953][INFO]: Done waiting for pending navigations. Status: ok
[1719774748.956][INFO]: Waiting for pending navigations...
[1719774748.957][INFO]: Done waiting for pending navigations. Status: ok
[1719774748.957][INFO]: [ad1a2a5ea6396ab56db8d73e144c65c4] RESPONSE IsElementEnabled true
[1719774748.959][INFO]: [ad1a2a5ea6396ab56db8d73e144c65c4] COMMAND ClickElement {
   "id": "f.1C63FA6E4B0EC2AE0C7FB096457C332E.d.AB73EBC3569A930CC10B6E98524A95F2.e.41"
}
[1719774748.959][INFO]: Waiting for pending navigations...
[1719774748.959][INFO]: Done waiting for pending navigations. Status: ok
[1719774748.981][INFO]: Waiting for pending navigations...
[1719774748.984][INFO]: Done waiting for pending navigations. Status: ok
[1719774748.984][INFO]: [ad1a2a5ea6396ab56db8d73e144c65c4] RESPONSE ClickElement
[1719774751.987][INFO]: [ad1a2a5ea6396ab56db8d73e144c65c4] COMMAND IsElementEnabled {
   "id": "f.1C63FA6E4B0EC2AE0C7FB096457C332E.d.AB73EBC3569A930CC10B6E98524A95F2.e.41"
}
[1719774751.987][INFO]: Waiting for pending navigations...
[1719774751.988][INFO]: Done waiting for pending navigations. Status: ok
[1719774751.991][INFO]: Waiting for pending navigations...
[1719774751.991][INFO]: Done waiting for pending navigations. Status: ok
[1719774751.991][INFO]: [ad1a2a5ea6396ab56db8d73e144c65c4] RESPONSE IsElementEnabled true
[1719774751.993][INFO]: [ad1a2a5ea6396ab56db8d73e144c65c4] COMMAND ClickElement {
   "id": "f.1C63FA6E4B0EC2AE0C7FB096457C332E.d.AB73EBC3569A930CC10B6E98524A95F2.e.41"
}
[1719774751.993][INFO]: Waiting for pending navigations...
[1719774751.993][INFO]: Done waiting for pending navigations. Status: ok
[1719774752.012][INFO]: Waiting for pending navigations...
[1719774752.015][INFO]: Done waiting for pending navigations. Status: ok
[1719774752.015][INFO]: [ad1a2a5ea6396ab56db8d73e144c65c4] RESPONSE ClickElement
[1719774765.033][INFO]: [ad1a2a5ea6396ab56db8d73e144c65c4] COMMAND FindElement {
   "using": "xpath",
   "value": "//*[@id='items']/ytd-grid-movie-renderer[16]/ytd-badge-supported-renderer/div[2]/p"
}
[1719774765.033][INFO]: Waiting for pending navigations...
[1719774765.034][INFO]: Done waiting for pending navigations. Status: ok
[1719774765.044][INFO]: Waiting for pending navigations...
[1719774765.045][INFO]: Done waiting for pending navigations. Status: ok
[1719774765.045][INFO]: [ad1a2a5ea6396ab56db8d73e144c65c4] RESPONSE FindElement {
   "element-6066-11e4-a52e-4f735466cecf": "f.1C63FA6E4B0EC2AE0C7FB096457C332E.d.AB73EBC3569A930CC10B6E98524A95F2.e.56"
}
[1719774765.047][INFO]: [ad1a2a5ea6396ab56db8d73e144c65c4] COMMAND GetElementText {
   "id": "f.1C63FA6E4B0EC2AE0C7FB096457C332E.d.AB73EBC3569A930CC10B6E98524A95F2.e.56"
}
[1719774765.047][INFO]: Waiting for pending navigations...
[1719774765.047][INFO]: Done waiting for pending navigations. Status: ok
[1719774765.055][INFO]: Waiting for pending navigations...
[1719774765.055][INFO]: Done waiting for pending navigations. Status: ok
[1719774765.055][INFO]: [ad1a2a5ea6396ab56db8d73e144c65c4] RESPONSE GetElementText "U/A"
[1719774765.057][INFO]: [ad1a2a5ea6396ab56db8d73e144c65c4] COMMAND FindElement {
   "using": "xpath",
   "value": "//*[@id='items']/ytd-grid-movie-renderer[16]/a/span"
}
[1719774765.057][INFO]: Waiting for pending navigations...
[1719774765.058][INFO]: Done waiting for pending navigations. Status: ok
[1719774765.066][INFO]: Waiting for pending navigations...
[1719774765.066][INFO]: Done waiting for pending navigations. Status: ok
[1719774765.066][INFO]: [ad1a2a5ea6396ab56db8d73e144c65c4] RESPONSE FindElement {
   "element-6066-11e4-a52e-4f735466cecf": "f.1C63FA6E4B0EC2AE0C7FB096457C332E.d.AB73EBC3569A930CC10B6E98524A95F2.e.57"
}
[1719774765.068][INFO]: [ad1a2a5ea6396ab56db8d73e144c65c4] COMMAND GetElementText {
   "id": "f.1C63FA6E4B0EC2AE0C7FB096457C332E.d.AB73EBC3569A930CC10B6E98524A95F2.e.57"
}
[1719774765.068][INFO]: Waiting for pending navigations...
[1719774765.068][INFO]: Done waiting for pending navigations. Status: ok
[1719774765.072][INFO]: Waiting for pending navigations...
[1719774765.072][INFO]: Done waiting for pending navigations. Status: ok
[1719774765.072][INFO]: [ad1a2a5ea6396ab56db8d73e144c65c4] RESPONSE GetElementText "Action & adventure • 1996"
[1719774765.076][INFO]: [ad1a2a5ea6396ab56db8d73e144c65c4] COMMAND Navigate {
   "url": "https://www.youtube.com/"
}
[1719774765.076][INFO]: Waiting for pending navigations...
[1719774765.076][INFO]: Done waiting for pending navigations. Status: ok
[1719774765.196][INFO]: Waiting for pending navigations...
[1719774766.142][INFO]: Done waiting for pending navigations. Status: ok
[1719774766.142][INFO]: [ad1a2a5ea6396ab56db8d73e144c65c4] RESPONSE Navigate
[1719774776.153][INFO]: [ad1a2a5ea6396ab56db8d73e144c65c4] COMMAND FindElement {
   "using": "xpath",
   "value": "//yt-formatted-string[text() = 'Music']"
}
[1719774776.153][INFO]: Waiting for pending navigations...
[1719774776.153][INFO]: Done waiting for pending navigations. Status: ok
[1719774776.162][INFO]: Waiting for pending navigations...
[1719774776.162][INFO]: Done waiting for pending navigations. Status: ok
[1719774776.162][INFO]: [ad1a2a5ea6396ab56db8d73e144c65c4] RESPONSE FindElement {
   "element-6066-11e4-a52e-4f735466cecf": "f.1C63FA6E4B0EC2AE0C7FB096457C332E.d.5CC1D8EF83421B2A0B26433FE9B39A7C.e.71"
}
[1719774776.165][INFO]: [ad1a2a5ea6396ab56db8d73e144c65c4] COMMAND ClickElement {
   "id": "f.1C63FA6E4B0EC2AE0C7FB096457C332E.d.5CC1D8EF83421B2A0B26433FE9B39A7C.e.71"
}
[1719774776.165][INFO]: Waiting for pending navigations...
[1719774776.165][INFO]: Done waiting for pending navigations. Status: ok
[1719774776.201][INFO]: Waiting for pending navigations...
[1719774776.211][INFO]: Done waiting for pending navigations. Status: ok
[1719774776.211][INFO]: [ad1a2a5ea6396ab56db8d73e144c65c4] RESPONSE ClickElement
[1719774782.234][INFO]: [ad1a2a5ea6396ab56db8d73e144c65c4] COMMAND FindElement {
   "using": "xpath",
   "value": "(//*[@id='right-arrow']/ytd-button-renderer/yt-button-shape/button/yt-touch-feedback-shape/div/div[2])[1]"
}
[1719774782.234][INFO]: Waiting for pending navigations...
[1719774782.235][INFO]: Done waiting for pending navigations. Status: ok
[1719774782.248][INFO]: Waiting for pending navigations...
[1719774782.250][INFO]: Done waiting for pending navigations. Status: ok
[1719774782.250][INFO]: [ad1a2a5ea6396ab56db8d73e144c65c4] RESPONSE FindElement {
   "element-6066-11e4-a52e-4f735466cecf": "f.1C63FA6E4B0EC2AE0C7FB096457C332E.d.5CC1D8EF83421B2A0B26433FE9B39A7C.e.100"
}
[1719774782.252][INFO]: [ad1a2a5ea6396ab56db8d73e144c65c4] COMMAND IsElementEnabled {
   "id": "f.1C63FA6E4B0EC2AE0C7FB096457C332E.d.5CC1D8EF83421B2A0B26433FE9B39A7C.e.100"
}
[1719774782.252][INFO]: Waiting for pending navigations...
[1719774782.255][INFO]: Done waiting for pending navigations. Status: ok
[1719774782.259][INFO]: Waiting for pending navigations...
[1719774782.260][INFO]: Done waiting for pending navigations. Status: ok
[1719774782.260][INFO]: [ad1a2a5ea6396ab56db8d73e144c65c4] RESPONSE IsElementEnabled true
[1719774782.262][INFO]: [ad1a2a5ea6396ab56db8d73e144c65c4] COMMAND ClickElement {
   "id": "f.1C63FA6E4B0EC2AE0C7FB096457C332E.d.5CC1D8EF83421B2A0B26433FE9B39A7C.e.100"
}
[1719774782.262][INFO]: Waiting for pending navigations...
[1719774782.262][INFO]: Done waiting for pending navigations. Status: ok
[1719774782.316][INFO]: Waiting for pending navigations...
[1719774782.327][INFO]: Done waiting for pending navigations. Status: ok
[1719774782.327][INFO]: [ad1a2a5ea6396ab56db8d73e144c65c4] RESPONSE ClickElement
[1719774785.341][INFO]: [ad1a2a5ea6396ab56db8d73e144c65c4] COMMAND IsElementEnabled {
   "id": "f.1C63FA6E4B0EC2AE0C7FB096457C332E.d.5CC1D8EF83421B2A0B26433FE9B39A7C.e.100"
}
[1719774785.341][INFO]: Waiting for pending navigations...
[1719774785.344][INFO]: Done waiting for pending navigations. Status: ok
[1719774785.347][INFO]: Waiting for pending navigations...
[1719774785.347][INFO]: Done waiting for pending navigations. Status: ok
[1719774785.347][INFO]: [ad1a2a5ea6396ab56db8d73e144c65c4] RESPONSE IsElementEnabled true
[1719774785.350][INFO]: [ad1a2a5ea6396ab56db8d73e144c65c4] COMMAND ClickElement {
   "id": "f.1C63FA6E4B0EC2AE0C7FB096457C332E.d.5CC1D8EF83421B2A0B26433FE9B39A7C.e.100"
}
[1719774785.350][INFO]: Waiting for pending navigations...
[1719774785.350][INFO]: Done waiting for pending navigations. Status: ok
[1719774785.380][INFO]: Waiting for pending navigations...
[1719774785.385][INFO]: Done waiting for pending navigations. Status: ok
[1719774785.385][INFO]: [ad1a2a5ea6396ab56db8d73e144c65c4] RESPONSE ClickElement
[1719774788.402][INFO]: [ad1a2a5ea6396ab56db8d73e144c65c4] COMMAND IsElementEnabled {
   "id": "f.1C63FA6E4B0EC2AE0C7FB096457C332E.d.5CC1D8EF83421B2A0B26433FE9B39A7C.e.100"
}
[1719774788.402][INFO]: Waiting for pending navigations...
[1719774788.402][INFO]: Done waiting for pending navigations. Status: ok
[1719774788.406][INFO]: Waiting for pending navigations...
[1719774788.406][INFO]: Done waiting for pending navigations. Status: ok
[1719774788.406][INFO]: [ad1a2a5ea6396ab56db8d73e144c65c4] RESPONSE IsElementEnabled true
[1719774788.408][INFO]: [ad1a2a5ea6396ab56db8d73e144c65c4] COMMAND ClickElement {
   "id": "f.1C63FA6E4B0EC2AE0C7FB096457C332E.d.5CC1D8EF83421B2A0B26433FE9B39A7C.e.100"
}
[1719774788.408][INFO]: Waiting for pending navigations...
[1719774788.410][INFO]: Done waiting for pending navigations. Status: ok
[1719774788.438][INFO]: Waiting for pending navigations...
[1719774788.439][INFO]: Done waiting for pending navigations. Status: ok
[1719774788.439][INFO]: [ad1a2a5ea6396ab56db8d73e144c65c4] RESPONSE ClickElement
[1719774791.448][INFO]: [ad1a2a5ea6396ab56db8d73e144c65c4] COMMAND FindElement {
   "using": "xpath",
   "value": "//*[@id='items']/ytd-compact-station-renderer[11]/div/a/h3"
}
[1719774791.448][INFO]: Waiting for pending navigations...
[1719774791.448][INFO]: Done waiting for pending navigations. Status: ok
[1719774791.461][INFO]: Waiting for pending navigations...
[1719774791.467][INFO]: Done waiting for pending navigations. Status: ok
[1719774791.467][INFO]: [ad1a2a5ea6396ab56db8d73e144c65c4] RESPONSE FindElement {
   "element-6066-11e4-a52e-4f735466cecf": "f.1C63FA6E4B0EC2AE0C7FB096457C332E.d.5CC1D8EF83421B2A0B26433FE9B39A7C.e.111"
}
[1719774791.472][INFO]: [ad1a2a5ea6396ab56db8d73e144c65c4] COMMAND GetElementText {
   "id": "f.1C63FA6E4B0EC2AE0C7FB096457C332E.d.5CC1D8EF83421B2A0B26433FE9B39A7C.e.111"
}
[1719774791.472][INFO]: Waiting for pending navigations...
[1719774791.472][INFO]: Done waiting for pending navigations. Status: ok
[1719774791.483][INFO]: Waiting for pending navigations...
[1719774791.483][INFO]: Done waiting for pending navigations. Status: ok
[1719774791.483][INFO]: [ad1a2a5ea6396ab56db8d73e144c65c4] RESPONSE GetElementText "Bollywood Dance Hitlist"
[1719774791.487][INFO]: [ad1a2a5ea6396ab56db8d73e144c65c4] COMMAND FindElement {
   "using": "xpath",
   "value": "(//*[@id='video-count-text'])[1]"
}
[1719774791.487][INFO]: Waiting for pending navigations...
[1719774791.489][INFO]: Done waiting for pending navigations. Status: ok
[1719774791.511][INFO]: Waiting for pending navigations...
[1719774791.515][INFO]: Done waiting for pending navigations. Status: ok
[1719774791.515][INFO]: [ad1a2a5ea6396ab56db8d73e144c65c4] RESPONSE FindElement {
   "element-6066-11e4-a52e-4f735466cecf": "f.1C63FA6E4B0EC2AE0C7FB096457C332E.d.5CC1D8EF83421B2A0B26433FE9B39A7C.e.112"
}
[1719774791.517][INFO]: [ad1a2a5ea6396ab56db8d73e144c65c4] COMMAND GetElementText {
   "id": "f.1C63FA6E4B0EC2AE0C7FB096457C332E.d.5CC1D8EF83421B2A0B26433FE9B39A7C.e.112"
}
[1719774791.517][INFO]: Waiting for pending navigations...
[1719774791.517][INFO]: Done waiting for pending navigations. Status: ok
[1719774791.522][INFO]: Waiting for pending navigations...
[1719774791.523][INFO]: Done waiting for pending navigations. Status: ok
[1719774791.523][INFO]: [ad1a2a5ea6396ab56db8d73e144c65c4] RESPONSE GetElementText ""
[1719774791.526][INFO]: [ad1a2a5ea6396ab56db8d73e144c65c4] COMMAND Navigate {
   "url": "https://www.youtube.com/"
}
[1719774791.526][INFO]: Waiting for pending navigations...
[1719774791.526][INFO]: Done waiting for pending navigations. Status: ok
[1719774791.666][INFO]: Waiting for pending navigations...
[1719774792.620][INFO]: Done waiting for pending navigations. Status: ok
[1719774792.620][INFO]: [ad1a2a5ea6396ab56db8d73e144c65c4] RESPONSE Navigate
[1719774802.637][INFO]: [ad1a2a5ea6396ab56db8d73e144c65c4] COMMAND FindElement {
   "using": "xpath",
   "value": "//yt-formatted-string[text() = 'News']"
}
[1719774802.637][INFO]: Waiting for pending navigations...
[1719774802.638][INFO]: Done waiting for pending navigations. Status: ok
[1719774802.646][INFO]: Waiting for pending navigations...
[1719774802.646][INFO]: Done waiting for pending navigations. Status: ok
[1719774802.646][INFO]: [ad1a2a5ea6396ab56db8d73e144c65c4] RESPONSE FindElement {
   "element-6066-11e4-a52e-4f735466cecf": "f.1C63FA6E4B0EC2AE0C7FB096457C332E.d.30CCA1C6C6E36D87332FEE75284F99CA.e.126"
}
[1719774802.649][INFO]: [ad1a2a5ea6396ab56db8d73e144c65c4] COMMAND ClickElement {
   "id": "f.1C63FA6E4B0EC2AE0C7FB096457C332E.d.30CCA1C6C6E36D87332FEE75284F99CA.e.126"
}
[1719774802.649][INFO]: Waiting for pending navigations...
[1719774802.649][INFO]: Done waiting for pending navigations. Status: ok
[1719774802.702][INFO]: Waiting for pending navigations...
[1719774802.712][INFO]: Done waiting for pending navigations. Status: ok
[1719774802.712][INFO]: [ad1a2a5ea6396ab56db8d73e144c65c4] RESPONSE ClickElement
[1719774809.721][INFO]: [ad1a2a5ea6396ab56db8d73e144c65c4] COMMAND FindElement {
   "using": "xpath",
   "value": "(//ytd-post-renderer[@class='style-scope ytd-rich-item-renderer'])[1]"
}
[1719774809.721][INFO]: Waiting for pending navigations...
[1719774809.722][INFO]: Done waiting for pending navigations. Status: ok
[1719774809.745][INFO]: Waiting for pending navigations...
[1719774809.745][INFO]: Done waiting for pending navigations. Status: ok
[1719774809.745][INFO]: [ad1a2a5ea6396ab56db8d73e144c65c4] RESPONSE FindElement {
   "element-6066-11e4-a52e-4f735466cecf": "f.1C63FA6E4B0EC2AE0C7FB096457C332E.d.30CCA1C6C6E36D87332FEE75284F99CA.e.173"
}
[1719774809.747][INFO]: [ad1a2a5ea6396ab56db8d73e144c65c4] COMMAND GetElementText {
   "id": "f.1C63FA6E4B0EC2AE0C7FB096457C332E.d.30CCA1C6C6E36D87332FEE75284F99CA.e.173"
}
[1719774809.747][INFO]: Waiting for pending navigations...
[1719774809.748][INFO]: Done waiting for pending navigations. Status: ok
[1719774809.777][INFO]: Waiting for pending navigations...
[1719774809.780][INFO]: Done waiting for pending navigations. Status: ok
[1719774809.780][INFO]: [ad1a2a5ea6396ab56db8d73e144c65c4] RESPONSE GetElementText "Sports Tak\n•\n26 minutes ago\nVirat Kohli dedicates T20 World Cup win to wife Anushka Sharma in heartfelt post, writes 'None of this would remotely be possible...'\n403\n3"
[1719774814.786][INFO]: [ad1a2a5ea6396ab56db8d73e144c65c4] COMMAND FindElement {
   "using": "xpath",
   "value": "(//ytd-post-renderer[@class='style-scope ytd-rich-item-renderer'])[2]"
}
[1719774814.786][INFO]: Waiting for pending navigations...
[1719774814.816][INFO]: Done waiting for pending navigations. Status: ok
[1719774814.839][INFO]: Waiting for pending navigations...
[1719774814.840][INFO]: Done waiting for pending navigations. Status: ok
[1719774814.840][INFO]: [ad1a2a5ea6396ab56db8d73e144c65c4] RESPONSE FindElement {
   "element-6066-11e4-a52e-4f735466cecf": "f.1C63FA6E4B0EC2AE0C7FB096457C332E.d.30CCA1C6C6E36D87332FEE75284F99CA.e.174"
}
[1719774814.841][INFO]: [ad1a2a5ea6396ab56db8d73e144c65c4] COMMAND GetElementText {
   "id": "f.1C63FA6E4B0EC2AE0C7FB096457C332E.d.30CCA1C6C6E36D87332FEE75284F99CA.e.174"
}
[1719774814.842][INFO]: Waiting for pending navigations...
[1719774814.842][INFO]: Done waiting for pending navigations. Status: ok
[1719774814.873][INFO]: Waiting for pending navigations...
[1719774814.874][INFO]: Done waiting for pending navigations. Status: ok
[1719774814.874][INFO]: [ad1a2a5ea6396ab56db8d73e144c65c4] RESPONSE GetElementText "Xtra Time\n•\n27 minutes ago\nEuro Cup 2024: What a comeback from England to reach the quater final! Early wound from Schranz’s at 25’ was double healed by Bellingham and Hary Kane at 90+5’ an..."
[1719774819.892][INFO]: [ad1a2a5ea6396ab56db8d73e144c65c4] COMMAND FindElement {
   "using": "xpath",
   "value": "(//ytd-post-renderer[@class='style-scope ytd-rich-item-renderer'])[3]"
}
[1719774819.892][INFO]: Waiting for pending navigations...
[1719774819.893][INFO]: Done waiting for pending navigations. Status: ok
[1719774819.914][INFO]: Waiting for pending navigations...
[1719774819.914][INFO]: Done waiting for pending navigations. Status: ok
[1719774819.914][INFO]: [ad1a2a5ea6396ab56db8d73e144c65c4] RESPONSE FindElement {
   "element-6066-11e4-a52e-4f735466cecf": "f.1C63FA6E4B0EC2AE0C7FB096457C332E.d.30CCA1C6C6E36D87332FEE75284F99CA.e.175"
}
[1719774819.916][INFO]: [ad1a2a5ea6396ab56db8d73e144c65c4] COMMAND GetElementText {
   "id": "f.1C63FA6E4B0EC2AE0C7FB096457C332E.d.30CCA1C6C6E36D87332FEE75284F99CA.e.175"
}
[1719774819.916][INFO]: Waiting for pending navigations...
[1719774819.917][INFO]: Done waiting for pending navigations. Status: ok
[1719774819.946][INFO]: Waiting for pending navigations...
[1719774819.947][INFO]: Done waiting for pending navigations. Status: ok
[1719774819.947][INFO]: [ad1a2a5ea6396ab56db8d73e144c65c4] RESPONSE GetElementText "Vimal Kumar\n•\n27 minutes ago\nPlayer of T20 World Cup❤️🫂\n2.3K\n12"
[1719774819.950][INFO]: [ad1a2a5ea6396ab56db8d73e144c65c4] COMMAND FindElement {
   "using": "xpath",
   "value": "(//span[@id ='vote-count-middle'])[1]"
}
[1719774819.950][INFO]: Waiting for pending navigations...
[1719774819.950][INFO]: Done waiting for pending navigations. Status: ok
[1719774819.970][INFO]: Waiting for pending navigations...
[1719774819.970][INFO]: Done waiting for pending navigations. Status: ok
[1719774819.970][INFO]: [ad1a2a5ea6396ab56db8d73e144c65c4] RESPONSE FindElement {
   "element-6066-11e4-a52e-4f735466cecf": "f.1C63FA6E4B0EC2AE0C7FB096457C332E.d.30CCA1C6C6E36D87332FEE75284F99CA.e.176"
}
[1719774822.973][INFO]: [ad1a2a5ea6396ab56db8d73e144c65c4] COMMAND GetElementText {
   "id": "f.1C63FA6E4B0EC2AE0C7FB096457C332E.d.30CCA1C6C6E36D87332FEE75284F99CA.e.176"
}
[1719774822.974][INFO]: Waiting for pending navigations...
[1719774822.974][INFO]: Done waiting for pending navigations. Status: ok
[1719774822.980][INFO]: Waiting for pending navigations...
[1719774822.980][INFO]: Done waiting for pending navigations. Status: ok
[1719774822.980][INFO]: [ad1a2a5ea6396ab56db8d73e144c65c4] RESPONSE GetElementText "403"
[1719774822.983][INFO]: [ad1a2a5ea6396ab56db8d73e144c65c4] COMMAND FindElement {
   "using": "xpath",
   "value": "(//span[@id ='vote-count-middle'])[2]"
}
[1719774822.983][INFO]: Waiting for pending navigations...
[1719774822.983][INFO]: Done waiting for pending navigations. Status: ok
[1719774823.005][INFO]: Waiting for pending navigations...
[1719774823.005][INFO]: Done waiting for pending navigations. Status: ok
[1719774823.005][INFO]: [ad1a2a5ea6396ab56db8d73e144c65c4] RESPONSE FindElement {
   "element-6066-11e4-a52e-4f735466cecf": "f.1C63FA6E4B0EC2AE0C7FB096457C332E.d.30CCA1C6C6E36D87332FEE75284F99CA.e.177"
}
[1719774826.010][INFO]: [ad1a2a5ea6396ab56db8d73e144c65c4] COMMAND GetElementText {
   "id": "f.1C63FA6E4B0EC2AE0C7FB096457C332E.d.30CCA1C6C6E36D87332FEE75284F99CA.e.177"
}
[1719774826.010][INFO]: Waiting for pending navigations...
[1719774826.010][INFO]: Done waiting for pending navigations. Status: ok
[1719774826.015][INFO]: Waiting for pending navigations...
[1719774826.016][INFO]: Done waiting for pending navigations. Status: ok
[1719774826.016][INFO]: [ad1a2a5ea6396ab56db8d73e144c65c4] RESPONSE GetElementText "4"
[1719774829.031][INFO]: [ad1a2a5ea6396ab56db8d73e144c65c4] COMMAND FindElement {
   "using": "xpath",
   "value": "(//span[@id ='vote-count-middle'])[2]"
}
[1719774829.032][INFO]: Waiting for pending navigations...
[1719774829.032][INFO]: Done waiting for pending navigations. Status: ok
[1719774829.052][INFO]: Waiting for pending navigations...
[1719774829.052][INFO]: Done waiting for pending navigations. Status: ok
[1719774829.052][INFO]: [ad1a2a5ea6396ab56db8d73e144c65c4] RESPONSE FindElement {
   "element-6066-11e4-a52e-4f735466cecf": "f.1C63FA6E4B0EC2AE0C7FB096457C332E.d.30CCA1C6C6E36D87332FEE75284F99CA.e.177"
}
[1719774832.066][INFO]: [ad1a2a5ea6396ab56db8d73e144c65c4] COMMAND GetElementText {
   "id": "f.1C63FA6E4B0EC2AE0C7FB096457C332E.d.30CCA1C6C6E36D87332FEE75284F99CA.e.177"
}
[1719774832.066][INFO]: Waiting for pending navigations...
[1719774832.067][INFO]: Done waiting for pending navigations. Status: ok
[1719774832.072][INFO]: Waiting for pending navigations...
[1719774832.072][INFO]: Done waiting for pending navigations. Status: ok
[1719774832.072][INFO]: [ad1a2a5ea6396ab56db8d73e144c65c4] RESPONSE GetElementText "4"
[1719774835.712][INFO]: [ad1a2a5ea6396ab56db8d73e144c65c4] COMMAND Navigate {
   "url": "https://www.youtube.com/"
}
[1719774835.712][INFO]: Waiting for pending navigations...
[1719774835.713][INFO]: Done waiting for pending navigations. Status: ok
[1719774835.869][INFO]: Waiting for pending navigations...
[1719774837.177][INFO]: Done waiting for pending navigations. Status: ok
[1719774837.177][INFO]: [ad1a2a5ea6396ab56db8d73e144c65c4] RESPONSE Navigate
[1719774837.180][INFO]: [ad1a2a5ea6396ab56db8d73e144c65c4] COMMAND FindElement {
   "using": "xpath",
   "value": "//input[@id='search']"
}
[1719774837.180][INFO]: Waiting for pending navigations...
[1719774837.180][INFO]: Done waiting for pending navigations. Status: ok
[1719774837.189][INFO]: Waiting for pending navigations...
[1719774837.190][INFO]: Done waiting for pending navigations. Status: ok
[1719774837.190][INFO]: [ad1a2a5ea6396ab56db8d73e144c65c4] RESPONSE FindElement {
   "element-6066-11e4-a52e-4f735466cecf": "f.1C63FA6E4B0EC2AE0C7FB096457C332E.d.597C4CB60067B98A0FB6D3DF60257450.e.180"
}
[1719774837.194][INFO]: [ad1a2a5ea6396ab56db8d73e144c65c4] COMMAND TypeElement {
   "id": "f.1C63FA6E4B0EC2AE0C7FB096457C332E.d.597C4CB60067B98A0FB6D3DF60257450.e.180",
   "text": "Movies",
   "value": [ "M", "o", "v", "i", "e", "s" ]
}
[1719774837.194][INFO]: Waiting for pending navigations...
[1719774837.194][INFO]: Done waiting for pending navigations. Status: ok
[1719774837.289][INFO]: Waiting for pending navigations...
[1719774837.294][INFO]: Done waiting for pending navigations. Status: ok
[1719774837.295][INFO]: [ad1a2a5ea6396ab56db8d73e144c65c4] RESPONSE TypeElement
[1719774837.299][INFO]: [ad1a2a5ea6396ab56db8d73e144c65c4] COMMAND Navigate {
   "url": "https://www.youtube.com/"
}
[1719774837.299][INFO]: Waiting for pending navigations...
[1719774837.300][INFO]: Done waiting for pending navigations. Status: ok
[1719774837.471][INFO]: Waiting for pending navigations...
[1719774838.443][INFO]: Done waiting for pending navigations. Status: ok
[1719774838.443][INFO]: [ad1a2a5ea6396ab56db8d73e144c65c4] RESPONSE Navigate
[1719774838.445][INFO]: [ad1a2a5ea6396ab56db8d73e144c65c4] COMMAND FindElement {
   "using": "xpath",
   "value": "//input[@id='search']"
}
[1719774838.445][INFO]: Waiting for pending navigations...
[1719774838.446][INFO]: Done waiting for pending navigations. Status: ok
[1719774838.451][INFO]: Waiting for pending navigations...
[1719774838.451][INFO]: Done waiting for pending navigations. Status: ok
[1719774838.451][INFO]: [ad1a2a5ea6396ab56db8d73e144c65c4] RESPONSE FindElement {
   "element-6066-11e4-a52e-4f735466cecf": "f.1C63FA6E4B0EC2AE0C7FB096457C332E.d.71D558971B3EA4D8B9B8A9FF34786337.e.195"
}
[1719774838.453][INFO]: [ad1a2a5ea6396ab56db8d73e144c65c4] COMMAND TypeElement {
   "id": "f.1C63FA6E4B0EC2AE0C7FB096457C332E.d.71D558971B3EA4D8B9B8A9FF34786337.e.195",
   "text": "Music",
   "value": [ "M", "u", "s", "i", "c" ]
}
[1719774838.453][INFO]: Waiting for pending navigations...
[1719774838.479][INFO]: Done waiting for pending navigations. Status: ok
[1719774838.546][INFO]: Waiting for pending navigations...
[1719774838.553][INFO]: Done waiting for pending navigations. Status: ok
[1719774838.553][INFO]: [ad1a2a5ea6396ab56db8d73e144c65c4] RESPONSE TypeElement
[1719774838.555][INFO]: [ad1a2a5ea6396ab56db8d73e144c65c4] COMMAND Navigate {
   "url": "https://www.youtube.com/"
}
[1719774838.555][INFO]: Waiting for pending navigations...
[1719774838.562][INFO]: Done waiting for pending navigations. Status: ok
[1719774838.731][INFO]: Waiting for pending navigations...
[1719774839.668][INFO]: Done waiting for pending navigations. Status: ok
[1719774839.668][INFO]: [ad1a2a5ea6396ab56db8d73e144c65c4] RESPONSE Navigate
[1719774839.670][INFO]: [ad1a2a5ea6396ab56db8d73e144c65c4] COMMAND FindElement {
   "using": "xpath",
   "value": "//input[@id='search']"
}
[1719774839.670][INFO]: Waiting for pending navigations...
[1719774839.671][INFO]: Done waiting for pending navigations. Status: ok
[1719774839.720][INFO]: Waiting for pending navigations...
[1719774839.721][INFO]: Done waiting for pending navigations. Status: ok
[1719774839.721][INFO]: [ad1a2a5ea6396ab56db8d73e144c65c4] RESPONSE FindElement {
   "element-6066-11e4-a52e-4f735466cecf": "f.1C63FA6E4B0EC2AE0C7FB096457C332E.d.69052DFA317722969F16A8A4AB9D88C3.e.211"
}
[1719774839.724][INFO]: [ad1a2a5ea6396ab56db8d73e144c65c4] COMMAND TypeElement {
   "id": "f.1C63FA6E4B0EC2AE0C7FB096457C332E.d.69052DFA317722969F16A8A4AB9D88C3.e.211",
   "text": "Games",
   "value": [ "G", "a", "m", "e", "s" ]
}
[1719774839.724][INFO]: Waiting for pending navigations...
[1719774839.724][INFO]: Done waiting for pending navigations. Status: ok
[1719774839.809][INFO]: Waiting for pending navigations...
[1719774839.819][INFO]: Done waiting for pending navigations. Status: ok
[1719774839.819][INFO]: [ad1a2a5ea6396ab56db8d73e144c65c4] RESPONSE TypeElement
[1719774839.825][INFO]: [ad1a2a5ea6396ab56db8d73e144c65c4] COMMAND Quit {
}
[1719774839.882][INFO]: [ad1a2a5ea6396ab56db8d73e144c65c4] RESPONSE Quit
